<?xml version="1.0" encoding="UTF-8"?>
<!-- Generated by org.testng.reporters.JUnitReportReporter -->
<testsuite hostname="DESKTOP-MOK7TM7" failures="0" tests="1" name="pkg.Test1" time="7.273" errors="0" timestamp="2022-11-29T14:32:50 IST" skipped="0">
  <testcase classname="pkg.Test1" name="test1" time="7.273"/>
  <system-out/>
</testsuite> <!-- pkg.Test1 -->
