<?xml version="1.0" encoding="UTF-8"?>
<!-- Generated by org.testng.reporters.JUnitReportReporter -->
<testsuite hostname="DESKTOP-MOK7TM7" failures="0" tests="1" name="pkg.Movetoelement" time="5.019" errors="0" timestamp="2022-12-01T15:04:41 IST" skipped="0">
  <testcase classname="pkg.Movetoelement" name="mousehover" time="5.019"/>
  <system-out/>
</testsuite> <!-- pkg.Movetoelement -->
