<?xml version="1.0" encoding="UTF-8"?>
<!-- Generated by org.testng.reporters.JUnitReportReporter -->
<testsuite hostname="DESKTOP-MOK7TM7" failures="0" tests="1" name="pkg.Copypaste" time="1.691" errors="0" timestamp="2022-11-30T15:11:19 IST" skipped="0">
  <testcase classname="pkg.Copypaste" name="copypaste" time="1.691"/>
  <system-out/>
</testsuite> <!-- pkg.Copypaste -->
