<?xml version="1.0" encoding="UTF-8"?>
<!-- Generated by org.testng.reporters.JUnitReportReporter -->
<testsuite hostname="DESKTOP-MOK7TM7" failures="0" tests="1" name="pkg.Parametertest" time="0.016" errors="0" timestamp="2022-11-29T14:46:23 IST" skipped="0">
  <testcase classname="pkg.Parametertest" name="t1" time="0.016"/>
  <system-out/>
</testsuite> <!-- pkg.Parametertest -->
