<?xml version="1.0" encoding="UTF-8"?>
<!-- Generated by org.testng.reporters.JUnitReportReporter -->
<testsuite hostname="DESKTOP-MOK7TM7" failures="0" tests="1" name="pkg.Draganddrop" time="7.918" errors="0" timestamp="2022-11-30T15:46:26 IST" skipped="0">
  <testcase classname="pkg.Draganddrop" name="draganddrop" time="7.918"/>
  <system-out/>
</testsuite> <!-- pkg.Draganddrop -->
