<?xml version="1.0" encoding="UTF-8"?>
<!-- Generated by org.testng.reporters.JUnitReportReporter -->
<testsuite hostname="DESKTOP-MOK7TM7" failures="0" tests="1" name="pkg.Datadrivenfbwrite" time="19.933" errors="0" timestamp="2023-04-05T14:26:35 IST" skipped="0">
  <testcase classname="pkg.Datadrivenfbwrite" name="test" time="19.933"/>
  <system-out/>
</testsuite> <!-- pkg.Datadrivenfbwrite -->
