<?xml version="1.0" encoding="UTF-8"?>
<!-- Generated by org.testng.reporters.JUnitReportReporter -->
<testsuite hostname="DESKTOP-MOK7TM7" failures="0" tests="1" name="pkg.Fileuploadrobot" time="7.398" errors="0" timestamp="2023-07-04T12:18:42 IST" skipped="0">
  <testcase classname="pkg.Fileuploadrobot" name="fileuploadpgm" time="7.398"/>
  <system-out/>
</testsuite> <!-- pkg.Fileuploadrobot -->
