<?xml version="1.0" encoding="UTF-8"?>
<!-- Generated by org.testng.reporters.JUnitReportReporter -->
<testsuite hostname="DESKTOP-MOK7TM7" failures="0" tests="1" name="test.Fbcreatepagetest" time="1.979" errors="0" timestamp="2023-03-10T08:52:14 IST" skipped="0">
  <testcase classname="test.Fbcreatepagetest" name="createpagetest" time="1.979"/>
  <system-out/>
</testsuite> <!-- test.Fbcreatepagetest -->
