<?xml version="1.0" encoding="UTF-8"?>
<!-- Generated by org.testng.reporters.JUnitReportReporter -->
<testsuite hostname="DESKTOP-MOK7TM7" failures="0" tests="1" name="pkg.Filewrite" time="7.130" errors="0" timestamp="2023-04-05T14:17:26 IST" skipped="0">
  <testcase classname="pkg.Filewrite" name="test1" time="7.130"/>
  <system-out/>
</testsuite> <!-- pkg.Filewrite -->
