<?xml version="1.0" encoding="UTF-8"?>
<!-- Generated by org.testng.reporters.JUnitReportReporter -->
<testsuite hostname="DESKTOP-MOK7TM7" failures="0" tests="1" name="pkg.Datadriven" time="4.318" errors="0" timestamp="2022-12-02T14:39:56 IST" skipped="0">
  <testcase classname="pkg.Datadriven" name="test" time="4.318"/>
  <system-out/>
</testsuite> <!-- pkg.Datadriven -->
