<?xml version="1.0" encoding="UTF-8"?>
<!-- Generated by org.testng.reporters.JUnitReportReporter -->
<testsuite hostname="DESKTOP-MOK7TM7" failures="0" tests="1" name="pkg.DoubleandRight" time="4.256" errors="0" timestamp="2022-12-06T14:46:50 IST" skipped="0">
  <testcase classname="pkg.DoubleandRight" name="doubleandrightclick" time="4.256"/>
  <system-out/>
</testsuite> <!-- pkg.DoubleandRight -->
